Thu Jul 28 2016 13:37:10 GMT-0400 (EDT): GET /about
Thu Jul 28 2016 13:37:11 GMT-0400 (EDT): GET /favicon.ico
Thu Jul 28 2016 13:42:16 GMT-0400 (EDT): GET /about
Thu Jul 28 2016 13:42:21 GMT-0400 (EDT): GET /
Thu Jul 28 2016 13:43:41 GMT-0400 (EDT): GET /help.html
Thu Jul 28 2016 13:43:46 GMT-0400 (EDT): GET /
Thu Jul 28 2016 13:46:17 GMT-0400 (EDT): GET /
Thu Jul 28 2016 13:46:42 GMT-0400 (EDT): GET /
Thu Jul 28 2016 13:46:45 GMT-0400 (EDT): GET /about
Sun Apr 21 2019 21:53:03 GMT+0530 (India Standard Time): GET /
Sun Apr 21 2019 21:53:04 GMT+0530 (India Standard Time): GET /favicon.ico
Sun Apr 21 2019 21:53:07 GMT+0530 (India Standard Time): GET /
Sun Apr 21 2019 21:53:08 GMT+0530 (India Standard Time): GET /about
Sun Apr 21 2019 21:53:10 GMT+0530 (India Standard Time): GET /
Sun Apr 21 2019 21:53:11 GMT+0530 (India Standard Time): GET /about
Sun Apr 21 2019 21:53:12 GMT+0530 (India Standard Time): GET /
Sun Apr 21 2019 21:53:14 GMT+0530 (India Standard Time): GET /about
Sun Apr 21 2019 21:53:15 GMT+0530 (India Standard Time): GET /
Sun Apr 21 2019 21:53:17 GMT+0530 (India Standard Time): GET /about
Sun Apr 21 2019 21:53:22 GMT+0530 (India Standard Time): GET /home
Sun Apr 21 2019 21:53:27 GMT+0530 (India Standard Time): GET /
Sun Apr 21 2019 21:53:31 GMT+0530 (India Standard Time): GET /about
Tue Apr 30 2019 15:06:55 GMT+0530 (India Standard Time): GET /
Tue Apr 30 2019 15:06:56 GMT+0530 (India Standard Time): GET /favicon.ico
